{"/Users/erz/code/yahoo/preceptor/examples/simple/mocha/test1.js":{"path":"/Users/erz/code/yahoo/preceptor/examples/simple/mocha/test1.js","s":{"1":1,"2":1,"3":1,"4":1,"5":1,"6":1,"7":1},"b":{},"f":{"1":1,"2":1,"3":1},"fnMap":{"1":{"name":"(anonymous_1)","line":4,"loc":{"start":{"line":4,"column":67},"end":{"line":4,"column":79}}},"2":{"name":"(anonymous_2)","line":8,"loc":{"start":{"line":8,"column":20},"end":{"line":8,"column":32}}},"3":{"name":"(anonymous_3)","line":10,"loc":{"start":{"line":10,"column":30},"end":{"line":10,"column":42}}}},"statementMap":{"1":{"start":{"line":1,"column":0},"end":{"line":1,"column":31}},"2":{"start":{"line":2,"column":0},"end":{"line":2,"column":28}},"3":{"start":{"line":4,"column":0},"end":{"line":6,"column":3}},"4":{"start":{"line":5,"column":1},"end":{"line":5,"column":62}},"5":{"start":{"line":8,"column":0},"end":{"line":13,"column":3}},"6":{"start":{"line":10,"column":1},"end":{"line":12,"column":4}},"7":{"start":{"line":11,"column":2},"end":{"line":11,"column":16}}},"branchMap":{},"l":{"1":1,"2":1,"4":1,"5":1,"8":1,"10":1,"11":1}},"/Users/erz/code/yahoo/preceptor/examples/simple/lib.js":{"path":"/Users/erz/code/yahoo/preceptor/examples/simple/lib.js","s":{"1":3,"2":3,"3":1,"4":2,"5":1,"6":1,"7":1,"8":0},"b":{},"f":{"1":1,"2":2,"3":1,"4":1,"5":1,"6":0},"fnMap":{"1":{"name":"(anonymous_1)","line":5,"loc":{"start":{"line":5,"column":39},"end":{"line":5,"column":51}}},"2":{"name":"(anonymous_2)","line":9,"loc":{"start":{"line":9,"column":11},"end":{"line":9,"column":29}}},"3":{"name":"(anonymous_3)","line":13,"loc":{"start":{"line":13,"column":13},"end":{"line":13,"column":25}}},"4":{"name":"(anonymous_4)","line":17,"loc":{"start":{"line":17,"column":25},"end":{"line":17,"column":37}}},"5":{"name":"(anonymous_5)","line":21,"loc":{"start":{"line":21,"column":10},"end":{"line":21,"column":22}}},"6":{"name":"(anonymous_6)","line":25,"loc":{"start":{"line":25,"column":35},"end":{"line":25,"column":47}}}},"statementMap":{"1":{"start":{"line":1,"column":0},"end":{"line":1,"column":31}},"2":{"start":{"line":3,"column":0},"end":{"line":28,"column":2}},"3":{"start":{"line":6,"column":2},"end":{"line":6,"column":12}},"4":{"start":{"line":10,"column":2},"end":{"line":10,"column":35}},"5":{"start":{"line":14,"column":2},"end":{"line":14,"column":15}},"6":{"start":{"line":18,"column":2},"end":{"line":18,"column":22}},"7":{"start":{"line":22,"column":2},"end":{"line":22,"column":55}},"8":{"start":{"line":26,"column":2},"end":{"line":26,"column":43}}},"branchMap":{},"l":{"1":3,"3":3,"6":1,"10":2,"14":1,"18":1,"22":1,"26":0}},"/Users/erz/code/yahoo/preceptor/examples/simple/mocha/test2.js":{"path":"/Users/erz/code/yahoo/preceptor/examples/simple/mocha/test2.js","s":{"1":1,"2":1,"3":1,"4":1,"5":1,"6":1},"b":{},"f":{"1":1,"2":1},"fnMap":{"1":{"name":"(anonymous_1)","line":4,"loc":{"start":{"line":4,"column":31},"end":{"line":4,"column":43}}},"2":{"name":"(anonymous_2)","line":8,"loc":{"start":{"line":8,"column":64},"end":{"line":8,"column":76}}}},"statementMap":{"1":{"start":{"line":1,"column":0},"end":{"line":1,"column":31}},"2":{"start":{"line":2,"column":0},"end":{"line":2,"column":28}},"3":{"start":{"line":4,"column":0},"end":{"line":6,"column":3}},"4":{"start":{"line":5,"column":1},"end":{"line":5,"column":36}},"5":{"start":{"line":8,"column":0},"end":{"line":10,"column":3}},"6":{"start":{"line":9,"column":1},"end":{"line":9,"column":48}}},"branchMap":{},"l":{"1":1,"2":1,"4":1,"5":1,"8":1,"9":1}},"/Users/erz/code/yahoo/preceptor/examples/simple/mocha/test3.js":{"path":"/Users/erz/code/yahoo/preceptor/examples/simple/mocha/test3.js","s":{"1":1,"2":1,"3":1,"4":1,"5":1,"6":1},"b":{},"f":{"1":1,"2":1},"fnMap":{"1":{"name":"(anonymous_1)","line":4,"loc":{"start":{"line":4,"column":23},"end":{"line":4,"column":35}}},"2":{"name":"(anonymous_2)","line":8,"loc":{"start":{"line":8,"column":19},"end":{"line":8,"column":31}}}},"statementMap":{"1":{"start":{"line":1,"column":0},"end":{"line":1,"column":31}},"2":{"start":{"line":2,"column":0},"end":{"line":2,"column":28}},"3":{"start":{"line":4,"column":0},"end":{"line":6,"column":3}},"4":{"start":{"line":5,"column":1},"end":{"line":5,"column":40}},"5":{"start":{"line":8,"column":0},"end":{"line":10,"column":3}},"6":{"start":{"line":9,"column":1},"end":{"line":9,"column":42}}},"branchMap":{},"l":{"1":1,"2":1,"4":1,"5":1,"8":1,"9":1}}}